<?xml version="1.0" encoding="UTF-8"?>
<!-- Generated by org.testng.reporters.JUnitXMLReporter -->
<testsuite hostname="JIVOXLAPMAC0034.local" ignored="0" name="Nobroker" tests="5" failures="2" timestamp="2020-04-01T12:56:11 IST" time="28.019" errors="0">
  <testcase name="m1" time="5.13" classname="com.nt.test.noBrokerTest"/>
  <testcase name="m2" time="0.001" classname="com.nt.test.noBrokerTest"/>
  <testcase name="m3" time="0.001" classname="com.nt.test.noBrokerTest">
    <failure type="java.lang.ArithmeticException" message="/ by zero">
      <![CDATA[java.lang.ArithmeticException: / by zero
at com.nt.test.noBrokerTest.m3(noBrokerTest.java:49)
at java.util.ArrayList.forEach(ArrayList.java:1257)
... Removed 27 stack frames]]>
    </failure>
  </testcase> <!-- m3 -->
  <testcase name="m4" time="0.002" classname="com.nt.test.noBrokerTest">
    <failure type="java.lang.ArithmeticException" message="/ by zero">
      <![CDATA[java.lang.ArithmeticException: / by zero
at com.nt.test.noBrokerTest.m4(noBrokerTest.java:53)
at java.util.ArrayList.forEach(ArrayList.java:1257)
... Removed 27 stack frames]]>
    </failure>
  </testcase> <!-- m4 -->
  <testcase name="packerMoverDesktop" time="21.459" classname="com.nt.test.noBrokerTest"/>
</testsuite> <!-- Nobroker -->
